app/build/intermediates/manifest_merge_blame_file/debug/manifest-merger-blame-debug-report.txt
1<?xml version="1.0" encoding="utf-8"?>
2<!--
3  ~ Copyright (c) 2022 NetEase, Inc. All rights reserved.
4  ~ Use of this source code is governed by a MIT license that can be
5  ~ found in the LICENSE file.
6-->
7<manifest xmlns:android="http://schemas.android.com/apk/res/android"
8    package="com.turunsi.shenyu"
9    android:installLocation="auto"
10    android:versionCode="1"
11    android:versionName="1.0.2" >
12
13    <uses-sdk
13-->src\main\AndroidManifest.xml:62:5-96
14        android:minSdkVersion="21"
14-->src\main\AndroidManifest.xml:62:5-96
15        android:targetSdkVersion="33" />
15-->src\main\AndroidManifest.xml:62:5-96
16
17    <queries>
17-->src\main\AndroidManifest.xml:12:5-35:15
18        <package android:name="com.tencent.mm" />
18-->src\main\AndroidManifest.xml:13:9-50
18-->src\main\AndroidManifest.xml:13:18-47
19        <package android:name="com.tencent.mobileqq" />
19-->src\main\AndroidManifest.xml:14:9-56
19-->src\main\AndroidManifest.xml:14:18-53
20        <package android:name="com.eg.android.AlipayGphone" />
20-->src\main\AndroidManifest.xml:15:9-63
20-->src\main\AndroidManifest.xml:15:18-60
21        <package android:name="com.autonavi.minimap" />
21-->src\main\AndroidManifest.xml:16:9-56
21-->src\main\AndroidManifest.xml:16:18-53
22        <package android:name="com.baidu.BaiduMap" />
22-->src\main\AndroidManifest.xml:17:9-54
22-->src\main\AndroidManifest.xml:17:18-51
23        <package android:name="com.hanweb.android.jszwfw.activity" />
23-->src\main\AndroidManifest.xml:18:9-70
23-->src\main\AndroidManifest.xml:18:18-67
24        <package android:name="com.huawei.camera" />
24-->src\main\AndroidManifest.xml:19:9-53
24-->src\main\AndroidManifest.xml:19:18-50
25
26        <intent>
26-->src\main\AndroidManifest.xml:20:9-22:18
27            <action android:name="android.media.action.VIDEO_CAPTURE" />
27-->src\main\AndroidManifest.xml:21:13-73
27-->src\main\AndroidManifest.xml:21:21-70
28        </intent>
29        <intent>
29-->src\main\AndroidManifest.xml:23:9-25:18
30            <action android:name="android.media.action.IMAGE_CAPTURE" />
30-->src\main\AndroidManifest.xml:24:13-73
30-->src\main\AndroidManifest.xml:24:21-70
31        </intent>
32        <intent>
32-->src\main\AndroidManifest.xml:26:9-28:18
33            <action android:name="android.media.action.IMAGE_CAPTURE_SECURE" />
33-->src\main\AndroidManifest.xml:27:13-80
33-->src\main\AndroidManifest.xml:27:21-77
34        </intent>
35        <intent>
35-->src\main\AndroidManifest.xml:29:9-31:18
36            <action android:name="android.intent.action.PICK" />
36-->src\main\AndroidManifest.xml:30:13-65
36-->src\main\AndroidManifest.xml:30:21-62
37        </intent>
38        <intent>
38-->src\main\AndroidManifest.xml:32:9-34:18
39            <action android:name="android.intent.action.DIAL" />
39-->src\main\AndroidManifest.xml:33:13-65
39-->src\main\AndroidManifest.xml:33:21-62
40        </intent>
41        <intent>
41-->[com.huawei.hms:availableupdate:6.3.0.303] AndroidManifest.xml:19:9-21:18
42            <action android:name="com.apptouch.intent.action.update_hms" />
42-->[com.huawei.hms:availableupdate:6.3.0.303] AndroidManifest.xml:20:13-76
42-->[com.huawei.hms:availableupdate:6.3.0.303] AndroidManifest.xml:20:21-73
43        </intent>
44        <intent>
44-->[com.huawei.hms:availableupdate:6.3.0.303] AndroidManifest.xml:22:9-24:18
45            <action android:name="com.huawei.appmarket.intent.action.AppDetail" />
45-->[com.huawei.hms:availableupdate:6.3.0.303] AndroidManifest.xml:23:13-83
45-->[com.huawei.hms:availableupdate:6.3.0.303] AndroidManifest.xml:23:21-80
46        </intent>
47
48        <package android:name="com.hisilicon.android.hiRMService" />
48-->[com.huawei.hms:availableupdate:6.3.0.303] AndroidManifest.xml:26:9-69
48-->[com.huawei.hms:availableupdate:6.3.0.303] AndroidManifest.xml:26:18-66
49
50        <intent>
50-->[com.huawei.hms:device:6.3.0.303] AndroidManifest.xml:15:9-17:18
51            <action android:name="com.huawei.hms.core.aidlservice" />
51-->[com.huawei.hms:device:6.3.0.303] AndroidManifest.xml:16:13-70
51-->[com.huawei.hms:device:6.3.0.303] AndroidManifest.xml:16:21-67
52        </intent>
53        <intent>
53-->[com.huawei.hms:device:6.3.0.303] AndroidManifest.xml:18:9-20:18
54            <action android:name="com.huawei.hms.core" />
54-->[com.huawei.hms:device:6.3.0.303] AndroidManifest.xml:19:13-58
54-->[com.huawei.hms:device:6.3.0.303] AndroidManifest.xml:19:21-55
55        </intent>
56    </queries>
57    <!-- replace com.turunsi.yaoxin with your package name -->
58    <!-- add uses-permission into your AndroidManifest -->
59    <permission
59-->src\main\AndroidManifest.xml:38:5-40:46
60        android:name="com.turunsi.shenyu.permission.RECEIVE_MSG"
60-->src\main\AndroidManifest.xml:39:9-65
61        android:protectionLevel="signature" />
61-->src\main\AndroidManifest.xml:40:9-44
62
63    <!-- receive SDK broadcast， replace com.turunsi.yaoxin with your package name -->
64    <uses-permission android:name="com.turunsi.shenyu.permission.RECEIVE_MSG" />
64-->src\main\AndroidManifest.xml:43:5-80
64-->src\main\AndroidManifest.xml:43:22-78
65    <uses-permission android:name="android.permission.CAMERA" />
65-->src\main\AndroidManifest.xml:44:5-64
65-->src\main\AndroidManifest.xml:44:22-62
66    <uses-permission android:name="android.permission.FLASHLIGHT" />
66-->src\main\AndroidManifest.xml:45:5-69
66-->src\main\AndroidManifest.xml:45:22-66
67
68    <uses-feature android:name="android.hardware.camera" />
68-->src\main\AndroidManifest.xml:47:5-60
68-->src\main\AndroidManifest.xml:47:19-57
69    <uses-feature android:name="android.hardware.camera.autofocus" />
69-->src\main\AndroidManifest.xml:48:5-70
69-->src\main\AndroidManifest.xml:48:19-67
70
71    <uses-permission android:name="android.permission.VIBRATE" />
71-->src\main\AndroidManifest.xml:50:5-66
71-->src\main\AndroidManifest.xml:50:22-63
72    <uses-permission android:name="android.permission.WAKE_LOCK" />
72-->src\main\AndroidManifest.xml:51:5-68
72-->src\main\AndroidManifest.xml:51:22-65
73    <uses-permission android:name="android.permission.WRITE_EXTERNAL_STORAGE" />
73-->src\main\AndroidManifest.xml:54:5-80
73-->src\main\AndroidManifest.xml:54:22-78
74    <uses-permission android:name="android.permission.READ_EXTERNAL_STORAGE" />
74-->src\main\AndroidManifest.xml:55:5-79
74-->src\main\AndroidManifest.xml:55:22-77
75    <!-- xiaomi push -->
76    <permission
76-->src\main\AndroidManifest.xml:57:5-59:46
77        android:name="com.turunsi.shenyu.permission.MIPUSH_RECEIVE"
77-->src\main\AndroidManifest.xml:58:9-68
78        android:protectionLevel="signature" />
78-->src\main\AndroidManifest.xml:59:9-44
79
80    <uses-permission android:name="com.turunsi.shenyu.permission.MIPUSH_RECEIVE" />
80-->src\main\AndroidManifest.xml:60:5-83
80-->src\main\AndroidManifest.xml:60:22-81
81    <!-- <uses-feature -->
82    <!-- android:name="android.hardware.camera" -->
83    <!-- android:required="false" /> -->
84    <!-- meuzu push -->
85    <!-- down Flyme5 version -->
86    <uses-permission android:name="com.meizu.flyme.push.permission.RECEIVE" />
86-->src\main\AndroidManifest.xml:68:5-78
86-->src\main\AndroidManifest.xml:68:22-76
87
88    <permission
88-->src\main\AndroidManifest.xml:69:5-71:46
89        android:name="com.turunsi.shenyu.push.permission.MESSAGE"
89-->src\main\AndroidManifest.xml:70:9-66
90        android:protectionLevel="signature" />
90-->src\main\AndroidManifest.xml:71:9-44
91
92    <uses-permission android:name="com.turunsi.shenyu.push.permission.MESSAGE" />
92-->src\main\AndroidManifest.xml:72:5-81
92-->src\main\AndroidManifest.xml:72:22-79
93    <!-- Flyme3 -->
94    <uses-permission android:name="com.meizu.c2dm.permission.RECEIVE" />
94-->src\main\AndroidManifest.xml:74:5-73
94-->src\main\AndroidManifest.xml:74:22-70
95
96    <permission
96-->src\main\AndroidManifest.xml:75:5-77:46
97        android:name="com.turunsi.shenyu.permission.C2D_MESSAGE"
97-->src\main\AndroidManifest.xml:76:9-65
98        android:protectionLevel="signature" />
98-->src\main\AndroidManifest.xml:77:9-44
99
100    <uses-permission android:name="com.turunsi.shenyu.permission.C2D_MESSAGE" />
100-->src\main\AndroidManifest.xml:78:5-80
100-->src\main\AndroidManifest.xml:78:22-78
101
102    <!-- oppo push -->
103    <uses-permission android:name="com.coloros.mcs.permission.RECIEVE_MCS_MESSAGE" />
103-->src\main\AndroidManifest.xml:81:5-85
103-->src\main\AndroidManifest.xml:81:22-83
104    <uses-permission android:name="com.heytap.mcs.permission.RECIEVE_MCS_MESSAGE" />
104-->src\main\AndroidManifest.xml:82:5-84
104-->src\main\AndroidManifest.xml:82:22-82
105    <!-- 8.0+系统需要 -->
106    <uses-permission android:name="android.permission.FOREGROUND_SERVICE" />
106-->src\main\AndroidManifest.xml:84:5-77
106-->src\main\AndroidManifest.xml:84:22-74
107    <uses-permission android:name="android.permission.INTERNET" />
107-->[aliyun-base-2.3.19.240529193306.aar] AndroidManifest.xml:11:5-67
107-->[aliyun-base-2.3.19.240529193306.aar] AndroidManifest.xml:11:22-64
108    <uses-permission android:name="android.permission.ACCESS_NETWORK_STATE" />
108-->[aliyun-base-2.3.19.240529193306.aar] AndroidManifest.xml:12:5-79
108-->[aliyun-base-2.3.19.240529193306.aar] AndroidManifest.xml:12:22-76
109    <uses-permission android:name="android.permission.NFC" />
109-->[aliyun-nfc-2.3.19.240529193306.aar] AndroidManifest.xml:11:5-62
109-->[aliyun-nfc-2.3.19.240529193306.aar] AndroidManifest.xml:11:22-59
110
111    <uses-feature
111-->[aliyun-nfc-2.3.19.240529193306.aar] AndroidManifest.xml:13:5-15:35
112        android:name="android.hardware.nfc"
112-->[aliyun-nfc-2.3.19.240529193306.aar] AndroidManifest.xml:14:9-44
113        android:required="true" />
113-->[aliyun-nfc-2.3.19.240529193306.aar] AndroidManifest.xml:15:9-32
114
115    <uses-permission android:name="android.permission.RECORD_AUDIO" /> <!-- 用于访问wifi网络信息，wifi信息会用于进行网络定位 -->
115-->[aliyun-wishverify-2.3.19.240529193306.aar] AndroidManifest.xml:9:5-71
115-->[aliyun-wishverify-2.3.19.240529193306.aar] AndroidManifest.xml:9:22-68
116    <uses-permission android:name="android.permission.ACCESS_WIFI_STATE" /> <!-- 这个权限用于获取wifi的获取权限，wifi信息会用来进行网络定位 -->
116-->[:chatkit-ui] AndroidManifest.xml:17:5-76
116-->[:chatkit-ui] AndroidManifest.xml:17:22-73
117    <uses-permission android:name="android.permission.CHANGE_WIFI_STATE" /> <!-- 用于进行网络定位 -->
117-->[:chatkit-ui] AndroidManifest.xml:19:5-76
117-->[:chatkit-ui] AndroidManifest.xml:19:22-73
118    <uses-permission android:name="android.permission.ACCESS_COARSE_LOCATION" /> <!-- 可以提高室内定位的精确度 -->
118-->[:chatkit-ui] AndroidManifest.xml:23:5-81
118-->[:chatkit-ui] AndroidManifest.xml:23:22-78
119    <uses-permission android:name="android.permission.BLUETOOTH_ADMIN" /> <!-- 可以提高室内定位的精确度 -->
119-->[:chatkit-ui] AndroidManifest.xml:25:5-74
119-->[:chatkit-ui] AndroidManifest.xml:25:22-71
120    <uses-permission android:name="android.permission.BLUETOOTH" /> <!-- 用于访问GPS定位 -->
120-->[:chatkit-ui] AndroidManifest.xml:27:5-68
120-->[:chatkit-ui] AndroidManifest.xml:27:22-65
121    <uses-permission android:name="android.permission.ACCESS_FINE_LOCATION" /> <!-- 用于提高GPS定位速度 -->
121-->[:chatkit-ui] AndroidManifest.xml:29:5-79
121-->[:chatkit-ui] AndroidManifest.xml:29:22-76
122    <uses-permission android:name="android.permission.ACCESS_LOCATION_EXTRA_COMMANDS" /> <!-- android 33 image -->
122-->[:chatkit-ui] AndroidManifest.xml:31:5-89
122-->[:chatkit-ui] AndroidManifest.xml:31:22-86
123    <uses-permission android:name="android.permission.READ_MEDIA_IMAGES" />
123-->[:chatkit-ui] AndroidManifest.xml:39:5-76
123-->[:chatkit-ui] AndroidManifest.xml:39:22-73
124    <uses-permission android:name="android.permission.READ_MEDIA_VIDEO" /> <!-- 用于读取手机当前的状态 -->
124-->[:chatkit-ui] AndroidManifest.xml:40:5-75
124-->[:chatkit-ui] AndroidManifest.xml:40:22-72
125    <uses-permission android:name="android.permission.READ_PHONE_STATE" />
125-->[:chatkit-ui] AndroidManifest.xml:42:5-75
125-->[:chatkit-ui] AndroidManifest.xml:42:22-72
126    <uses-permission android:name="android.permission.USE_FULL_SCREEN_INTENT" />
126-->[com.netease.yunxin.kit.call:call-ui:2.2.0] AndroidManifest.xml:16:5-81
126-->[com.netease.yunxin.kit.call:call-ui:2.2.0] AndroidManifest.xml:16:22-78
127    <uses-permission android:name="android.permission.SYSTEM_ALERT_WINDOW" />
127-->[com.netease.yunxin.kit.call:call-ui:2.2.0] AndroidManifest.xml:18:5-78
127-->[com.netease.yunxin.kit.call:call-ui:2.2.0] AndroidManifest.xml:18:22-75
128    <uses-permission android:name="android.permission.REQUEST_IGNORE_BATTERY_OPTIMIZATIONS" />
128-->[com.netease.yunxin.kit.call:call-ui:2.2.0] AndroidManifest.xml:20:5-95
128-->[com.netease.yunxin.kit.call:call-ui:2.2.0] AndroidManifest.xml:20:22-92
129
130    <permission
130-->[com.huawei.hms:push:6.3.0.302] AndroidManifest.xml:9:5-11:47
131        android:name="com.turunsi.shenyu.permission.PROCESS_PUSH_MSG"
131-->[com.huawei.hms:push:6.3.0.302] AndroidManifest.xml:10:9-68
132        android:protectionLevel="signature" /> <!-- PUSH_PROVIDER and PUSH_WRITE_PROVIDER are both provider registered permissions for the notification switch. -->
132-->[com.huawei.hms:push:6.3.0.302] AndroidManifest.xml:11:9-44
133    <!-- The SDK's notification bar switch, EMUI 9.x becomes write to the local sp, sharing the file through the provider to the push-rom, which reads the sp file to get the status of the notification bar switch. -->
134    <permission
134-->[com.huawei.hms:push:6.3.0.302] AndroidManifest.xml:14:5-16:47
135        android:name="com.turunsi.shenyu.permission.PUSH_PROVIDER"
135-->[com.huawei.hms:push:6.3.0.302] AndroidManifest.xml:15:9-65
136        android:protectionLevel="signature" />
136-->[com.huawei.hms:push:6.3.0.302] AndroidManifest.xml:16:9-44
137    <permission
137-->[com.huawei.hms:push:6.3.0.302] AndroidManifest.xml:17:5-19:47
138        android:name="com.turunsi.shenyu.permission.PUSH_WRITE_PROVIDER"
138-->[com.huawei.hms:push:6.3.0.302] AndroidManifest.xml:18:9-71
139        android:protectionLevel="signature" />
139-->[com.huawei.hms:push:6.3.0.302] AndroidManifest.xml:19:9-44
140
141    <uses-permission android:name="com.turunsi.shenyu.permission.PROCESS_PUSH_MSG" />
141-->[com.huawei.hms:push:6.3.0.302] AndroidManifest.xml:21:5-84
141-->[com.huawei.hms:push:6.3.0.302] AndroidManifest.xml:21:22-81
142    <uses-permission android:name="com.turunsi.shenyu.permission.PUSH_PROVIDER" />
142-->[com.huawei.hms:push:6.3.0.302] AndroidManifest.xml:22:5-81
142-->[com.huawei.hms:push:6.3.0.302] AndroidManifest.xml:22:22-78
143    <uses-permission android:name="com.meizu.flyme.permission.PUSH" /> <!-- 如果是安卓8.0，应用编译配置的targetSdkVersion>=26，请务必添加以下权限 -->
143-->[com.meizu.flyme.internet:push-internal:4.1.0] AndroidManifest.xml:15:5-71
143-->[com.meizu.flyme.internet:push-internal:4.1.0] AndroidManifest.xml:15:22-68
144    <uses-permission android:name="android.permission.REQUEST_INSTALL_PACKAGES" /> <!-- 应用市场9.0版本必须使用该权限获取用户的服务地 -->
144-->[com.huawei.hms:availableupdate:6.3.0.303] AndroidManifest.xml:14:5-83
144-->[com.huawei.hms:availableupdate:6.3.0.303] AndroidManifest.xml:14:22-80
145    <uses-permission android:name="com.huawei.appmarket.service.commondata.permission.GET_COMMON_DATA" />
145-->[com.huawei.hms:availableupdate:6.3.0.303] AndroidManifest.xml:16:5-106
145-->[com.huawei.hms:availableupdate:6.3.0.303] AndroidManifest.xml:16:22-103
146
147    <permission
147-->[androidx.core:core:1.10.1] AndroidManifest.xml:22:5-24:47
148        android:name="com.turunsi.shenyu.DYNAMIC_RECEIVER_NOT_EXPORTED_PERMISSION"
148-->[androidx.core:core:1.10.1] AndroidManifest.xml:23:9-81
149        android:protectionLevel="signature" />
149-->[androidx.core:core:1.10.1] AndroidManifest.xml:24:9-44
150
151    <uses-permission android:name="com.turunsi.shenyu.DYNAMIC_RECEIVER_NOT_EXPORTED_PERMISSION" /> <!-- OAID广告ID相关 -->
151-->[androidx.core:core:1.10.1] AndroidManifest.xml:26:5-97
151-->[androidx.core:core:1.10.1] AndroidManifest.xml:26:22-94
152    <uses-permission android:name="com.asus.msa.SupplementaryDID.ACCESS" />
152-->[com.netease.nimlib:basesdk:9.14.2] AndroidManifest.xml:21:5-76
152-->[com.netease.nimlib:basesdk:9.14.2] AndroidManifest.xml:21:22-73
153    <uses-permission android:name="com.asus.permission.READ_SDID_PROVIDER" /> <!-- freeme -->
153-->[com.netease.nimlib:basesdk:9.14.2] AndroidManifest.xml:22:5-78
153-->[com.netease.nimlib:basesdk:9.14.2] AndroidManifest.xml:22:22-75
154    <uses-permission android:name="freemme.permission.msa" />
154-->[com.netease.nimlib:basesdk:9.14.2] AndroidManifest.xml:24:5-62
154-->[com.netease.nimlib:basesdk:9.14.2] AndroidManifest.xml:24:22-59
155    <uses-permission android:name="android.permission.MODIFY_AUDIO_SETTINGS" />
155-->[com.netease.yunxin:nertc-base:5.5.2] AndroidManifest.xml:19:5-80
155-->[com.netease.yunxin:nertc-base:5.5.2] AndroidManifest.xml:19:22-77
156    <uses-permission android:name="android.permission.CHANGE_NETWORK_STATE" /> <!-- 蓝牙 startBluetoothSco 会用到此权限 -->
156-->[com.netease.yunxin:nertc-base:5.5.2] AndroidManifest.xml:22:5-79
156-->[com.netease.yunxin:nertc-base:5.5.2] AndroidManifest.xml:22:22-76
157    <uses-permission android:name="android.permission.BROADCAST_STICKY" />
157-->[com.netease.yunxin:nertc-base:5.5.2] AndroidManifest.xml:24:5-75
157-->[com.netease.yunxin:nertc-base:5.5.2] AndroidManifest.xml:24:22-72
158
159    <application
159-->src\main\AndroidManifest.xml:86:5-399:19
160        android:name="com.turunsi.yaoxin.IMApplication"
160-->src\main\AndroidManifest.xml:86:18-47
161        android:allowBackup="true"
161-->src\main\AndroidManifest.xml:87:9-35
162        android:allowNativeHeapPointerTagging="false"
162-->src\main\AndroidManifest.xml:93:9-54
163        android:appComponentFactory="androidx.core.app.CoreComponentFactory"
163-->[androidx.core:core:1.10.1] AndroidManifest.xml:28:18-86
164        android:debuggable="true"
165        android:icon="@mipmap/yaoxin_icon"
165-->src\main\AndroidManifest.xml:88:9-43
166        android:label="@string/app_name"
166-->src\main\AndroidManifest.xml:89:9-41
167        android:networkSecurityConfig="@xml/network_security_config"
167-->src\main\AndroidManifest.xml:94:9-69
168        android:requestLegacyExternalStorage="true"
168-->src\main\AndroidManifest.xml:92:9-52
169        android:roundIcon="@mipmap/yaoxin_icon"
169-->src\main\AndroidManifest.xml:90:9-48
170        android:supportsRtl="true"
170-->src\main\AndroidManifest.xml:91:9-35
171        android:testOnly="true"
172        android:theme="@style/Theme.Xkit" >
172-->src\main\AndroidManifest.xml:95:9-42
173        <meta-data
173-->src\main\AndroidManifest.xml:96:9-98:64
174            android:name="com.netease.nim.appKey"
174-->src\main\AndroidManifest.xml:97:13-50
175            android:value="f406ced8b058252bb3eed1d5a6b3febf" />
175-->src\main\AndroidManifest.xml:98:13-61
176        <meta-data
176-->src\main\AndroidManifest.xml:99:9-101:64
177            android:name="com.amap.api.v2.apikey"
177-->src\main\AndroidManifest.xml:100:13-50
178            android:value="cd71a16bb840431be756188d3a0a1931" />
178-->src\main\AndroidManifest.xml:101:13-61
179
180        <activity
180-->src\main\AndroidManifest.xml:103:9-110:20
181            android:name="com.turunsi.yaoxin.splash.SplashActivity"
181-->src\main\AndroidManifest.xml:103:19-56
182            android:exported="true"
182-->src\main\AndroidManifest.xml:105:13-36
183            android:screenOrientation="portrait" >
183-->src\main\AndroidManifest.xml:104:13-49
184            <intent-filter>
184-->src\main\AndroidManifest.xml:106:13-109:29
185                <action android:name="android.intent.action.MAIN" />
185-->src\main\AndroidManifest.xml:107:17-69
185-->src\main\AndroidManifest.xml:107:25-66
186
187                <category android:name="android.intent.category.LAUNCHER" />
187-->src\main\AndroidManifest.xml:108:17-77
187-->src\main\AndroidManifest.xml:108:27-74
188            </intent-filter>
189        </activity>
190        <!-- <activity android:name=".welcome.WelcomeActivity" -->
191        <!-- android:screenOrientation="portrait" -->
192        <!-- android:exported="true"> -->
193        <!-- <intent-filter> -->
194        <!-- <action android:name="android.intent.action.MAIN" /> -->
195        <!-- <category android:name="android.intent.category.LAUNCHER" /> -->
196        <!-- </intent-filter> -->
197        <!-- </activity> -->
198
199        <activity
199-->src\main\AndroidManifest.xml:120:9-130:20
200            android:name="com.turunsi.yaoxin.main.MainActivity"
200-->src\main\AndroidManifest.xml:121:13-46
201            android:exported="true"
201-->src\main\AndroidManifest.xml:124:13-36
202            android:launchMode="singleTask"
202-->src\main\AndroidManifest.xml:123:13-44
203            android:screenOrientation="portrait" >
203-->src\main\AndroidManifest.xml:122:13-49
204            <intent-filter>
204-->src\main\AndroidManifest.xml:126:13-129:29
205                <action android:name="https://netease.yunxin.im.demo.home" />
205-->src\main\AndroidManifest.xml:127:17-77
205-->src\main\AndroidManifest.xml:127:25-75
206
207                <category android:name="android.intent.category.DEFAULT" />
207-->src\main\AndroidManifest.xml:128:17-75
207-->src\main\AndroidManifest.xml:128:27-73
208            </intent-filter>
209        </activity>
210        <activity
210-->src\main\AndroidManifest.xml:132:9-135:40
211            android:name="com.turunsi.yaoxin.main.mine.MineInfoActivity"
211-->src\main\AndroidManifest.xml:133:13-55
212            android:exported="false"
212-->src\main\AndroidManifest.xml:135:13-37
213            android:screenOrientation="portrait" />
213-->src\main\AndroidManifest.xml:134:13-49
214        <activity
214-->src\main\AndroidManifest.xml:137:9-140:40
215            android:name="com.turunsi.yaoxin.main.mine.EditUserInfoActivity"
215-->src\main\AndroidManifest.xml:138:13-59
216            android:exported="false"
216-->src\main\AndroidManifest.xml:140:13-37
217            android:screenOrientation="portrait" />
217-->src\main\AndroidManifest.xml:139:13-49
218        <activity
218-->src\main\AndroidManifest.xml:142:9-145:40
219            android:name="com.turunsi.yaoxin.main.mine.TypeSelectActivity"
219-->src\main\AndroidManifest.xml:143:13-57
220            android:exported="false"
220-->src\main\AndroidManifest.xml:145:13-37
221            android:screenOrientation="portrait" />
221-->src\main\AndroidManifest.xml:144:13-49
222        <activity
222-->src\main\AndroidManifest.xml:147:9-150:40
223            android:name="com.turunsi.yaoxin.about.AboutActivity"
223-->src\main\AndroidManifest.xml:148:13-48
224            android:exported="false"
224-->src\main\AndroidManifest.xml:150:13-37
225            android:screenOrientation="portrait" />
225-->src\main\AndroidManifest.xml:149:13-49
226        <activity
226-->src\main\AndroidManifest.xml:152:9-155:40
227            android:name="com.turunsi.yaoxin.main.mine.setting.SettingActivity"
227-->src\main\AndroidManifest.xml:153:13-62
228            android:exported="false"
228-->src\main\AndroidManifest.xml:155:13-37
229            android:screenOrientation="portrait" />
229-->src\main\AndroidManifest.xml:154:13-49
230        <activity
230-->src\main\AndroidManifest.xml:157:9-160:40
231            android:name="com.turunsi.yaoxin.main.mine.setting.SkinActivity"
231-->src\main\AndroidManifest.xml:158:13-59
232            android:exported="false"
232-->src\main\AndroidManifest.xml:160:13-37
233            android:screenOrientation="portrait" />
233-->src\main\AndroidManifest.xml:159:13-49
234        <activity
234-->src\main\AndroidManifest.xml:162:9-165:40
235            android:name="com.turunsi.yaoxin.main.mine.setting.SettingNotifyActivity"
235-->src\main\AndroidManifest.xml:163:13-68
236            android:exported="false"
236-->src\main\AndroidManifest.xml:165:13-37
237            android:screenOrientation="portrait" />
237-->src\main\AndroidManifest.xml:164:13-49
238        <activity
238-->src\main\AndroidManifest.xml:167:9-170:40
239            android:name="com.turunsi.yaoxin.main.mine.setting.ClearCacheActivity"
239-->src\main\AndroidManifest.xml:168:13-65
240            android:exported="false"
240-->src\main\AndroidManifest.xml:170:13-37
241            android:screenOrientation="portrait" />
241-->src\main\AndroidManifest.xml:169:13-49
242        <activity
242-->src\main\AndroidManifest.xml:171:9-174:40
243            android:name="com.turunsi.yaoxin.welcome.ServerActivity"
243-->src\main\AndroidManifest.xml:172:13-51
244            android:exported="false"
244-->src\main\AndroidManifest.xml:174:13-37
245            android:screenOrientation="portrait" />
245-->src\main\AndroidManifest.xml:173:13-49
246        <!-- <activity -->
247        <!-- android:name=".splash.SplashActivity" /> -->
248        <activity android:name="com.turunsi.yaoxin.login.LoginActivity" />
248-->src\main\AndroidManifest.xml:177:9-178:51
248-->src\main\AndroidManifest.xml:178:13-48
249        <activity android:name="com.turunsi.yaoxin.main.mine.setting.ExchangeAccountActivity" />
249-->src\main\AndroidManifest.xml:179:9-180:73
249-->src\main\AndroidManifest.xml:180:13-70
250        <activity android:name="com.turunsi.yaoxin.main.mine.purse.bill.BillDetailListActivity" />
250-->src\main\AndroidManifest.xml:181:9-182:75
250-->src\main\AndroidManifest.xml:182:13-72
251        <activity android:name="com.turunsi.yaoxin.main.conversation.XiaoZhuShouActivity" />
251-->src\main\AndroidManifest.xml:183:9-184:69
251-->src\main\AndroidManifest.xml:184:13-66
252        <activity android:name="com.turunsi.yaoxin.main.mine.purse.bill.BillDetailList_DetailActivity" />
252-->src\main\AndroidManifest.xml:186:9-187:82
252-->src\main\AndroidManifest.xml:187:13-79
253        <activity android:name="com.turunsi.yaoxin.login.RealNameSetActivity" />
253-->src\main\AndroidManifest.xml:188:9-189:57
253-->src\main\AndroidManifest.xml:189:13-54
254        <activity android:name="com.turunsi.yaoxin.register.RegisterActivity" />
254-->src\main\AndroidManifest.xml:190:9-191:57
254-->src\main\AndroidManifest.xml:191:13-54
255        <activity android:name="com.turunsi.yaoxin.register.ForgetPwdActivity" />
255-->src\main\AndroidManifest.xml:192:9-193:58
255-->src\main\AndroidManifest.xml:193:13-55
256        <activity android:name="com.turunsi.yaoxin.main.mine.order.OrderListActivity" />
256-->src\main\AndroidManifest.xml:194:9-195:65
256-->src\main\AndroidManifest.xml:195:13-62
257        <activity android:name="com.turunsi.yaoxin.main.mine.address.AddressListActivity" />
257-->src\main\AndroidManifest.xml:196:9-197:69
257-->src\main\AndroidManifest.xml:197:13-66
258        <activity android:name="com.turunsi.yaoxin.main.mine.address.AddressAddActivity" />
258-->src\main\AndroidManifest.xml:198:9-199:68
258-->src\main\AndroidManifest.xml:199:13-65
259        <activity android:name="com.turunsi.yaoxin.main.mine.collection.CollectionListActivity" />
259-->src\main\AndroidManifest.xml:200:9-201:75
259-->src\main\AndroidManifest.xml:201:13-72
260        <activity android:name="com.turunsi.yaoxin.main.mine.purse.PurseIndexActivity" />
260-->src\main\AndroidManifest.xml:202:9-203:66
260-->src\main\AndroidManifest.xml:203:13-63
261        <activity android:name="com.turunsi.yaoxin.main.mine.purse.pwdmanager.PursePwdManagerActivity" />
261-->src\main\AndroidManifest.xml:204:9-205:82
261-->src\main\AndroidManifest.xml:205:13-79
262        <activity android:name="com.turunsi.yaoxin.main.mine.account.AccountAnQuanManagerActivity" />
262-->src\main\AndroidManifest.xml:206:9-207:78
262-->src\main\AndroidManifest.xml:207:13-75
263        <activity android:name="com.turunsi.yaoxin.main.mine.account.AccoutCodeDetailActivity" />
263-->src\main\AndroidManifest.xml:208:9-209:74
263-->src\main\AndroidManifest.xml:209:13-71
264        <activity android:name="com.turunsi.yaoxin.main.mine.setting.AboutUsNewActivity" />
264-->src\main\AndroidManifest.xml:210:9-211:68
264-->src\main\AndroidManifest.xml:211:13-65
265        <activity android:name="com.turunsi.yaoxin.main.mine.purse.tixian.PurseTiXianAddAccountActivity" />
265-->src\main\AndroidManifest.xml:212:9-213:84
265-->src\main\AndroidManifest.xml:213:13-81
266        <activity android:name="com.turunsi.yaoxin.main.mine.purse.pwdmanager.PursePwdManagerSetActivity" />
266-->src\main\AndroidManifest.xml:215:9-216:85
266-->src\main\AndroidManifest.xml:216:13-82
267        <activity android:name="com.turunsi.yaoxin.main.mine.purse.recharge.PurseRechargeActivity" />
267-->src\main\AndroidManifest.xml:217:1-218:78
267-->src\main\AndroidManifest.xml:218:13-75
268        <activity android:name="com.turunsi.yaoxin.main.mine.purse.tixian.PurseTiXianActivity" />
268-->src\main\AndroidManifest.xml:219:1-220:74
268-->src\main\AndroidManifest.xml:220:13-71
269        <activity android:name="com.turunsi.yaoxin.main.mine.account.ModifyTextActivity" />
269-->src\main\AndroidManifest.xml:221:1-222:68
269-->src\main\AndroidManifest.xml:222:13-65
270        <activity android:name="com.turunsi.yaoxin.main.mine.purse.bankcard.BankCardListActivity" />
270-->src\main\AndroidManifest.xml:223:9-224:77
270-->src\main\AndroidManifest.xml:224:13-74
271        <activity android:name="com.turunsi.yaoxin.main.mine.purse.bankcard.PurseBankListAddActivity" />
271-->src\main\AndroidManifest.xml:225:1-226:81
271-->src\main\AndroidManifest.xml:226:13-78
272        <activity android:name="com.turunsi.yaoxin.main.mine.setting.SettingNewActivity" />
272-->src\main\AndroidManifest.xml:227:1-228:68
272-->src\main\AndroidManifest.xml:228:13-65
273        <activity android:name="com.turunsi.yaoxin.main.mine.account.AccountDetailActivity" />
273-->src\main\AndroidManifest.xml:229:1-230:71
273-->src\main\AndroidManifest.xml:230:13-68
274
275        <!-- 云信 NIM SDK 进程间通信provider -->
276        <provider